<?xml version="1.0" encoding="UTF-8"?>
<!-- Generated by org.testng.reporters.JUnitReportReporter -->
<testsuite hostname="DESKTOP-J9M60IA" failures="0" tests="3" name="PositiveScenarioTest" time="9.200" errors="0" timestamp="29 Jan 2023 08:08:21 GMT">
  <testcase classname="PositiveScenarioTest" name="thirdTestCases" time="0.813"/>
  <testcase classname="PositiveScenarioTest" name="firstTestCases" time="7.317"/>
  <testcase classname="PositiveScenarioTest" name="secondTestCases" time="1.070"/>
</testsuite> <!-- PositiveScenarioTest -->
